<?xml version="1.0" encoding="UTF-8"?>
<!-- Generated by org.testng.reporters.JUnitXMLReporter -->
<testsuite hostname="AWLIN-DT-11410" ignored="0" name="RestAssuredTest" tests="23" failures="0" timestamp="10 Nov 2020 13:32:22 GMT" time="9.308" errors="0">
  <testcase name="checkContentType" time="0.0" classname="com.employeeapi.smoke.TC001_GET_Request"/>
  <testcase name="checkResponseTime" time="0.016" classname="com.employeeapi.smoke.TC001_GET_Request"/>
  <testcase name="checkResponsebody" time="0.0" classname="com.employeeapi.smoke.TC001_GET_Request"/>
  <testcase name="checkStatusLine" time="0.0" classname="com.employeeapi.smoke.TC001_GET_Request"/>
  <testcase name="checkStatuscode" time="0.0" classname="com.employeeapi.smoke.TC001_GET_Request"/>
  <testcase name="checkcookies" time="0.001" classname="com.employeeapi.smoke.TC001_GET_Request"/>
  <testcase name="contentEnCoding" time="0.0" classname="com.employeeapi.smoke.TC001_GET_Request"/>
  <testcase name="contentLenght" time="0.0" classname="com.employeeapi.smoke.TC001_GET_Request"/>
  <testcase name="checkContentType" time="0.0" classname="com.employeeapi.smoke.TC002_Single_Employee_Record"/>
  <testcase name="checkResponseTime" time="0.0" classname="com.employeeapi.smoke.TC002_Single_Employee_Record"/>
  <testcase name="checkResponsebody" time="0.0" classname="com.employeeapi.smoke.TC002_Single_Employee_Record"/>
  <testcase name="checkServerType" time="0.0" classname="com.employeeapi.smoke.TC002_Single_Employee_Record"/>
  <testcase name="checkStatusLine" time="0.0" classname="com.employeeapi.smoke.TC002_Single_Employee_Record"/>
  <testcase name="checkStatuscode" time="0.0" classname="com.employeeapi.smoke.TC002_Single_Employee_Record"/>
  <testcase name="contentEnCoding" time="0.001" classname="com.employeeapi.smoke.TC002_Single_Employee_Record"/>
  <testcase name="contentLenght" time="0.0" classname="com.employeeapi.smoke.TC002_Single_Employee_Record"/>
  <testcase name="checkContentType" time="0.0" classname="com.employeeapi.smoke.TC003_POST_Employee_Record"/>
  <testcase name="checkResponseTime" time="0.0" classname="com.employeeapi.smoke.TC003_POST_Employee_Record"/>
  <testcase name="checkResponsebody" time="0.0" classname="com.employeeapi.smoke.TC003_POST_Employee_Record"/>
  <testcase name="checkServerType" time="0.0" classname="com.employeeapi.smoke.TC003_POST_Employee_Record"/>
  <testcase name="checkStatusLine" time="0.0" classname="com.employeeapi.smoke.TC003_POST_Employee_Record"/>
  <testcase name="checkStatuscode" time="0.0" classname="com.employeeapi.smoke.TC003_POST_Employee_Record"/>
  <testcase name="contentLenght" time="0.0" classname="com.employeeapi.smoke.TC003_POST_Employee_Record"/>
</testsuite> <!-- RestAssuredTest -->
