<?xml version="1.0" encoding="UTF-8"?>
<testng-results skipped="0" failed="0" ignored="0" total="1" passed="1">
  <reporter-output>
  </reporter-output>
  <suite name="Default suite" duration-ms="3720" started-at="2020-11-10T13:33:59Z" finished-at="2020-11-10T13:34:03Z">
    <groups>
    </groups>
    <test name="Default test" duration-ms="3720" started-at="2020-11-10T13:33:59Z" finished-at="2020-11-10T13:34:03Z">
      <class name="com.employeeapi.smoke.TC005_DELETE_Employee_Record">
        <test-method status="PASS" signature="setup()[pri:0, instance:com.employeeapi.smoke.TC005_DELETE_Employee_Record@a67c67e]" name="setup" is-config="true" duration-ms="16" started-at="2020-11-10T13:33:59Z" finished-at="2020-11-10T13:33:59Z">
          <reporter-output>
          </reporter-output>
        </test-method> <!-- setup -->
        <test-method status="PASS" signature="CreateEmployee()[pri:0, instance:com.employeeapi.smoke.TC005_DELETE_Employee_Record@a67c67e]" name="CreateEmployee" is-config="true" duration-ms="3692" started-at="2020-11-10T13:33:59Z" finished-at="2020-11-10T13:34:03Z">
          <reporter-output>
          </reporter-output>
        </test-method> <!-- CreateEmployee -->
        <test-method status="PASS" signature="checkStatuscode()[pri:0, instance:com.employeeapi.smoke.TC005_DELETE_Employee_Record@a67c67e]" name="checkStatuscode" duration-ms="5" started-at="2020-11-10T13:34:03Z" finished-at="2020-11-10T13:34:03Z">
          <reporter-output>
          </reporter-output>
        </test-method> <!-- checkStatuscode -->
      </class> <!-- com.employeeapi.smoke.TC005_DELETE_Employee_Record -->
    </test> <!-- Default test -->
  </suite> <!-- Default suite -->
</testng-results>
